0 info it worked if it ends with ok
1 verbose cli [ 'node', '/usr/local/bin/npm', 'install', 'modernizr' ]
2 info using npm@2.11.2
3 info using node@v0.12.5
4 verbose install initial load of /Users/riccardo.bellingeri/Desktop/CleanStart/package.json
5 warn package.json gulp-starter@0.1.1 No license field.
6 verbose installManyTop reading scoped package data from /Users/riccardo.bellingeri/Desktop/CleanStart/node_modules/backbone/package.json
7 verbose installManyTop reading scoped package data from /Users/riccardo.bellingeri/Desktop/CleanStart/node_modules/browser-sync/package.json
8 verbose installManyTop reading scoped package data from /Users/riccardo.bellingeri/Desktop/CleanStart/node_modules/browserify/package.json
9 verbose installManyTop reading scoped package data from /Users/riccardo.bellingeri/Desktop/CleanStart/node_modules/browserify-shim/package.json
10 verbose installManyTop reading scoped package data from /Users/riccardo.bellingeri/Desktop/CleanStart/node_modules/coffeeify/package.json
11 verbose installManyTop reading scoped package data from /Users/riccardo.bellingeri/Desktop/CleanStart/node_modules/gulp/package.json
12 verbose installManyTop reading scoped package data from /Users/riccardo.bellingeri/Desktop/CleanStart/node_modules/gulp-autoprefixer/package.json
13 verbose installManyTop reading scoped package data from /Users/riccardo.bellingeri/Desktop/CleanStart/node_modules/gulp-changed/package.json
14 verbose installManyTop reading scoped package data from /Users/riccardo.bellingeri/Desktop/CleanStart/node_modules/gulp-compile-handlebars/package.json
15 verbose installManyTop reading scoped package data from /Users/riccardo.bellingeri/Desktop/CleanStart/node_modules/gulp-filesize/package.json
16 verbose installManyTop reading scoped package data from /Users/riccardo.bellingeri/Desktop/CleanStart/node_modules/gulp-iconfont/package.json
17 verbose installManyTop reading scoped package data from /Users/riccardo.bellingeri/Desktop/CleanStart/node_modules/gulp-imagemin/package.json
18 verbose installManyTop reading scoped package data from /Users/riccardo.bellingeri/Desktop/CleanStart/node_modules/gulp-minify-css/package.json
19 verbose installManyTop reading scoped package data from /Users/riccardo.bellingeri/Desktop/CleanStart/node_modules/gulp-minify-html/package.json
20 verbose installManyTop reading scoped package data from /Users/riccardo.bellingeri/Desktop/CleanStart/node_modules/gulp-notify/package.json
21 verbose installManyTop reading scoped package data from /Users/riccardo.bellingeri/Desktop/CleanStart/node_modules/gulp-rename/package.json
22 verbose installManyTop reading scoped package data from /Users/riccardo.bellingeri/Desktop/CleanStart/node_modules/gulp-sass/package.json
23 verbose installManyTop reading scoped package data from /Users/riccardo.bellingeri/Desktop/CleanStart/node_modules/gulp-sourcemaps/package.json
24 verbose installManyTop reading scoped package data from /Users/riccardo.bellingeri/Desktop/CleanStart/node_modules/gulp-swig/package.json
25 verbose installManyTop reading scoped package data from /Users/riccardo.bellingeri/Desktop/CleanStart/node_modules/gulp-uglify/package.json
26 verbose installManyTop reading scoped package data from /Users/riccardo.bellingeri/Desktop/CleanStart/node_modules/gulp-util/package.json
27 verbose installManyTop reading scoped package data from /Users/riccardo.bellingeri/Desktop/CleanStart/node_modules/hammerjs/package.json
28 verbose installManyTop reading scoped package data from /Users/riccardo.bellingeri/Desktop/CleanStart/node_modules/handlebars/package.json
29 verbose installManyTop reading scoped package data from /Users/riccardo.bellingeri/Desktop/CleanStart/node_modules/hbsfy/package.json
30 verbose installManyTop reading scoped package data from /Users/riccardo.bellingeri/Desktop/CleanStart/node_modules/jquery/package.json
31 verbose installManyTop reading scoped package data from /Users/riccardo.bellingeri/Desktop/CleanStart/node_modules/karma/package.json
32 verbose installManyTop reading scoped package data from /Users/riccardo.bellingeri/Desktop/CleanStart/node_modules/karma-browserify/package.json
33 verbose installManyTop reading scoped package data from /Users/riccardo.bellingeri/Desktop/CleanStart/node_modules/karma-chrome-launcher/package.json
34 verbose installManyTop reading scoped package data from /Users/riccardo.bellingeri/Desktop/CleanStart/node_modules/karma-coffee-preprocessor/package.json
35 verbose installManyTop reading scoped package data from /Users/riccardo.bellingeri/Desktop/CleanStart/node_modules/karma-mocha/package.json
36 verbose installManyTop reading scoped package data from /Users/riccardo.bellingeri/Desktop/CleanStart/node_modules/karma-nyan-reporter/package.json
37 verbose installManyTop reading scoped package data from /Users/riccardo.bellingeri/Desktop/CleanStart/node_modules/karma-sinon-chai/package.json
38 verbose installManyTop reading scoped package data from /Users/riccardo.bellingeri/Desktop/CleanStart/node_modules/lodash/package.json
39 verbose installManyTop reading scoped package data from /Users/riccardo.bellingeri/Desktop/CleanStart/node_modules/merge-stream/package.json
40 verbose installManyTop reading scoped package data from /Users/riccardo.bellingeri/Desktop/CleanStart/node_modules/mocha/package.json
41 verbose installManyTop reading scoped package data from /Users/riccardo.bellingeri/Desktop/CleanStart/node_modules/modernizr/package.json
42 verbose installManyTop reading scoped package data from /Users/riccardo.bellingeri/Desktop/CleanStart/node_modules/pretty-hrtime/package.json
43 verbose installManyTop reading scoped package data from /Users/riccardo.bellingeri/Desktop/CleanStart/node_modules/require-dir/package.json
44 verbose installManyTop reading scoped package data from /Users/riccardo.bellingeri/Desktop/CleanStart/node_modules/vinyl-source-stream/package.json
45 verbose installManyTop reading scoped package data from /Users/riccardo.bellingeri/Desktop/CleanStart/node_modules/watchify/package.json
46 info package.json browser-sync@2.2.5 No license field.
47 info package.json gulp-iconfont@1.0.2 No license field.
48 info package.json gulp-minify-css@0.5.1 No license field.
49 info package.json gulp-notify@2.2.0 No license field.
50 info package.json gulp-rename@1.2.2 No license field.
51 info package.json gulp-swig@0.7.4 No license field.
52 info package.json jquery@2.1.4 No license field.
53 info package.json karma-nyan-reporter@0.0.51 license should be a valid SPDX license expression
54 info package.json pretty-hrtime@1.0.0 No license field.
55 info package.json require-dir@0.1.0 No license field.
56 info package.json hammerjs@2.0.4 No license field.
57 info package.json gulp-minify-html@1.0.3 No license field.
58 verbose readDependencies loading dependencies from /Users/riccardo.bellingeri/Desktop/CleanStart/package.json
59 verbose install modernizr is installed as 3.0.0-alpha.4
60 silly cache add args [ 'modernizr', null ]
61 verbose cache add spec modernizr
62 silly cache add parsed spec { raw: 'modernizr',
62 silly cache add   scope: null,
62 silly cache add   name: 'modernizr',
62 silly cache add   rawSpec: '',
62 silly cache add   spec: '*',
62 silly cache add   type: 'range' }
63 silly addNamed modernizr@*
64 verbose addNamed "*" is a valid semver range for modernizr
65 silly addNameRange { name: 'modernizr', range: '*', hasData: false }
66 silly mapToRegistry name modernizr
67 silly mapToRegistry using default registry
68 silly mapToRegistry registry https://registry.npmjs.org/
69 silly mapToRegistry uri https://registry.npmjs.org/modernizr
70 verbose addNameRange registry:https://registry.npmjs.org/modernizr not in flight; fetching
71 verbose request uri https://registry.npmjs.org/modernizr
72 verbose request no auth needed
73 info attempt registry request try #1 at 5:24:12 PM
74 verbose request id aeff7554cb1bf4e0
75 verbose etag "4IEYYPFOGEM8F8V2SOSL6ZYTH"
76 http request GET https://registry.npmjs.org/modernizr
77 http 304 https://registry.npmjs.org/modernizr
78 silly get cb [ 304,
78 silly get   { date: 'Tue, 07 Jul 2015 21:24:14 GMT',
78 silly get     via: '1.1 varnish',
78 silly get     'cache-control': 'max-age=60',
78 silly get     etag: '"4IEYYPFOGEM8F8V2SOSL6ZYTH"',
78 silly get     age: '0',
78 silly get     connection: 'keep-alive',
78 silly get     'x-served-by': 'cache-jfk1030-JFK',
78 silly get     'x-cache': 'HIT',
78 silly get     'x-cache-hits': '1',
78 silly get     'x-timer': 'S1436304254.425249,VS0,VE19',
78 silly get     vary: 'Accept' } ]
79 verbose etag https://registry.npmjs.org/modernizr from cache
80 verbose get saving modernizr to /Users/riccardo.bellingeri/.npm/registry.npmjs.org/modernizr/.cache.json
81 silly addNameRange number 2 { name: 'modernizr', range: '*', hasData: true }
82 silly addNameRange versions [ 'modernizr',
82 silly addNameRange   [ '3.0.0-pre',
82 silly addNameRange     '3.0.0-alpha',
82 silly addNameRange     '3.0.0-alpha.2',
82 silly addNameRange     '3.0.0-alpha.3',
82 silly addNameRange     '3.0.0-alpha.4' ] ]
83 verbose stack Error: No compatible version found: modernizr@'*'
83 verbose stack Valid install targets:
83 verbose stack ["3.0.0-pre","3.0.0-alpha","3.0.0-alpha.2","3.0.0-alpha.3","3.0.0-alpha.4"]
83 verbose stack
83 verbose stack     at installTargetsError (/usr/local/lib/node_modules/npm/lib/cache/add-named.js:274:12)
83 verbose stack     at next (/usr/local/lib/node_modules/npm/lib/cache/add-named.js:253:17)
83 verbose stack     at setData (/usr/local/lib/node_modules/npm/lib/cache/add-named.js:230:5)
83 verbose stack     at RES (/usr/local/lib/node_modules/npm/node_modules/inflight/inflight.js:23:14)
83 verbose stack     at f (/usr/local/lib/node_modules/npm/node_modules/once/once.js:17:25)
83 verbose stack     at fixName (/usr/local/lib/node_modules/npm/lib/cache/add-named.js:29:5)
83 verbose stack     at saved (/usr/local/lib/node_modules/npm/lib/cache/caching-client.js:173:7)
83 verbose stack     at FSReqWrap.oncomplete (fs.js:95:15)
84 verbose cwd /Users/riccardo.bellingeri/Desktop/CleanStart
85 error Darwin 13.4.0
86 error argv "node" "/usr/local/bin/npm" "install" "modernizr"
87 error node v0.12.5
88 error npm  v2.11.2
89 error code ETARGET
90 error notarget No compatible version found: modernizr@'*'
90 error notarget Valid install targets:
90 error notarget ["3.0.0-pre","3.0.0-alpha","3.0.0-alpha.2","3.0.0-alpha.3","3.0.0-alpha.4"]
90 error notarget
90 error notarget This is most likely not a problem with npm itself.
90 error notarget In most cases you or one of your dependencies are requesting
90 error notarget a package version that doesn't exist.
90 error notarget
90 error notarget It was specified as a dependency of 'gulp-starter'
91 verbose exit [ 1, true ]
